<?xml version="1.0" encoding="UTF-8"?>
<!-- Generated by org.testng.reporters.JUnitReportReporter -->
<testsuite hostname="User-PC" failures="0" tests="1" name="maven.Mvn" time="0.006" errors="0" timestamp="03 Sep. 2019 15:48:22 GMT" skipped="0">
  <testcase classname="maven.Mvn" name="sample" time="0.006"/>
</testsuite> <!-- maven.Mvn -->
